0 info it worked if it ends with ok
1 verbose cli [ 'C:\\Program Files\\nodejs\\\\node.exe',
1 verbose cli   'C:\\Program Files\\nodejs\\node_modules\\npm\\bin\\npm-cli.js',
1 verbose cli   'install',
1 verbose cli   'angular-bootstrap' ]
2 info using npm@1.4.28
3 info using node@v0.10.35
4 verbose node symlink C:\Program Files\nodejs\\node.exe
5 verbose cache add [ 'angular-bootstrap', null ]
6 verbose cache add name=undefined spec="angular-bootstrap" args=["angular-bootstrap",null]
7 verbose parsed url { protocol: null,
7 verbose parsed url   slashes: null,
7 verbose parsed url   auth: null,
7 verbose parsed url   host: null,
7 verbose parsed url   port: null,
7 verbose parsed url   hostname: null,
7 verbose parsed url   hash: null,
7 verbose parsed url   search: null,
7 verbose parsed url   query: null,
7 verbose parsed url   pathname: 'angular-bootstrap',
7 verbose parsed url   path: 'angular-bootstrap',
7 verbose parsed url   href: 'angular-bootstrap' }
8 silly lockFile 75c42a0c-angular-bootstrap angular-bootstrap
9 verbose lock angular-bootstrap C:\Users\adm-bgsstnv\AppData\Roaming\npm-cache\75c42a0c-angular-bootstrap.lock
10 silly lockFile 75c42a0c-angular-bootstrap angular-bootstrap
11 silly lockFile 75c42a0c-angular-bootstrap angular-bootstrap
12 verbose addNamed [ 'angular-bootstrap', '' ]
13 verbose addNamed [ null, '*' ]
14 silly lockFile eebb98d0-angular-bootstrap angular-bootstrap@
15 verbose lock angular-bootstrap@ C:\Users\adm-bgsstnv\AppData\Roaming\npm-cache\eebb98d0-angular-bootstrap.lock
16 silly addNameRange { name: 'angular-bootstrap', range: '*', hasData: false }
17 verbose request where is /angular-bootstrap
18 verbose request registry https://registry.npmjs.org/
19 verbose request id 765c6812c2a3d64e
20 verbose url raw /angular-bootstrap
21 verbose url resolving [ 'https://registry.npmjs.org/', './angular-bootstrap' ]
22 verbose url resolved https://registry.npmjs.org/angular-bootstrap
23 verbose request where is https://registry.npmjs.org/angular-bootstrap
24 info trying registry request attempt 1 at 11:46:22
25 verbose etag "75A5CM87ZDKXM40LKQ87286R9"
26 http GET https://registry.npmjs.org/angular-bootstrap
27 http 404 https://registry.npmjs.org/angular-bootstrap
28 silly registry.get cb [ 404,
28 silly registry.get   { date: 'Sat, 10 Jan 2015 09:46:24 GMT',
28 silly registry.get     server: 'CouchDB/1.5.0 (Erlang OTP/R16B03)',
28 silly registry.get     etag: '"75A5CM87ZDKXM40LKQ87286R9"',
28 silly registry.get     'content-type': 'application/json',
28 silly registry.get     'cache-control': 'max-age=0',
28 silly registry.get     'content-length': '715',
28 silly registry.get     'accept-ranges': 'bytes',
28 silly registry.get     via: '1.1 varnish',
28 silly registry.get     age: '0',
28 silly registry.get     'x-served-by': 'cache-lhr6331-LHR',
28 silly registry.get     'x-cache': 'MISS',
28 silly registry.get     'x-cache-hits': '0',
28 silly registry.get     'x-timer': 'S1420883183.571861,VS0,VE636',
28 silly registry.get     vary: 'Accept',
28 silly registry.get     'keep-alive': 'timeout=10, max=50',
28 silly registry.get     connection: 'Keep-Alive' } ]
29 silly lockFile eebb98d0-angular-bootstrap angular-bootstrap@
30 silly lockFile eebb98d0-angular-bootstrap angular-bootstrap@
31 error 404 Not Found
31 error 404
31 error 404 'angular-bootstrap' is not in the npm registry.
31 error 404 You should bug the author to publish it
31 error 404
31 error 404 Note that you can also install from a
31 error 404 tarball, folder, or http url, or git url.
32 error System Windows_NT 6.1.7601
33 error command "C:\\Program Files\\nodejs\\\\node.exe" "C:\\Program Files\\nodejs\\node_modules\\npm\\bin\\npm-cli.js" "install" "angular-bootstrap"
34 error cwd C:\Program Files (x86)\Xampp\htdocs
35 error node -v v0.10.35
36 error npm -v 1.4.28
37 error code E404
38 verbose exit [ 1, true ]
